Build started 29/06/2014 22:14:42.
     1>Project "C:\Users\adolfosrs\Dropbox\7º Semestre\FCG\pengo\source\VC2012\Pengo-Visual-Studio.vcxproj" on node 2 (Build target(s)).
     1>ClCompile:
         C:\Program Files (x86)\Microsoft Visual Studio 11.0\VC\bin\CL.exe /c /Zi /nologo /W3 /WX- /Od /Oy- /D WIN32 /D _DEBUG /D _CONSOLE /Gm /EHsc /RTC1 /MDd /GS /fp:precise /Zc:wchar_t /Zc:forScope /Fo"Debug\\" /Fd"Debug\vc110.pdb" /Gd /TP /analyze- /errorReport:prompt ..\src\Machine.cpp ..\src\Map.cpp ..\src\Wall.cpp ..\src\main.cpp
         main.cpp
     1>..\src\main.cpp(140): warning C4305: 'initializing' : truncation from 'double' to 'float'
     1>..\src\main.cpp(141): warning C4305: 'initializing' : truncation from 'double' to 'float'
     1>..\src\main.cpp(142): warning C4305: 'initializing' : truncation from 'double' to 'float'
     1>..\src\main.cpp(230): warning C4244: 'argument' : conversion from 'time_t' to 'unsigned int', possible loss of data
     1>..\src\main.cpp(405): warning C4305: 'argument' : truncation from 'double' to 'GLfloat'
     1>..\src\main.cpp(413): warning C4305: 'argument' : truncation from 'double' to 'GLfloat'
     1>..\src\main.cpp(455): warning C4244: 'argument' : conversion from 'double' to 'GLsizei', possible loss of data
     1>..\src\main.cpp(468): warning C4244: 'argument' : conversion from 'float' to 'GLsizei', possible loss of data
     1>..\src\main.cpp(468): warning C4244: 'argument' : conversion from 'float' to 'GLint', possible loss of data
     1>..\src\main.cpp(469): warning C4244: 'argument' : conversion from 'float' to 'GLsizei', possible loss of data
     1>..\src\main.cpp(469): warning C4244: 'argument' : conversion from 'float' to 'GLint', possible loss of data
     1>..\src\main.cpp(477): warning C4305: 'argument' : truncation from 'double' to 'GLfloat'
     1>..\src\main.cpp(491): warning C4551: function call missing argument list
     1>..\src\main.cpp(492): warning C4551: function call missing argument list
     1>..\src\main.cpp(496): warning C4551: function call missing argument list
     1>..\src\main.cpp(497): warning C4551: function call missing argument list
     1>..\src\main.cpp(505): warning C4551: function call missing argument list
     1>..\src\main.cpp(507): warning C4551: function call missing argument list
     1>..\src\main.cpp(580): warning C4244: '=' : conversion from 'double' to 'float', possible loss of data
     1>..\src\main.cpp(589): warning C4305: '+=' : truncation from 'double' to 'float'
     1>..\src\main.cpp(592): warning C4305: '=' : truncation from 'double' to 'float'
     1>..\src\main.cpp(631): warning C4244: '=' : conversion from 'double' to 'float', possible loss of data
     1>..\src\main.cpp(633): warning C4244: '=' : conversion from 'double' to 'float', possible loss of data
         Wall.cpp
         Map.cpp
     1>..\src\Map.cpp(73): warning C4244: 'initializing' : conversion from 'double' to 'float', possible loss of data
     1>..\src\Map.cpp(75): warning C4244: 'initializing' : conversion from 'double' to 'float', possible loss of data
         Machine.cpp
         Generating Code...
     1>c:\users\adolfosrs\dropbox\7º semestre\fcg\pengo\source\src\map.cpp(246): warning C4715: 'Map::getCollidedMotionBlock' : not all control paths return a value
       Link:
         C:\Program Files (x86)\Microsoft Visual Studio 11.0\VC\bin\link.exe /ERRORREPORT:PROMPT /OUT:"C:\Users\adolfosrs\Dropbox\7º Semestre\FCG\pengo\source\VC2012\Debug\Pengo.exe" /INCREMENTAL /NOLOGO opengl32.lib kernel32.lib user32.lib gdi32.lib winspool.lib comdlg32.lib advapi32.lib shell32.lib ole32.lib oleaut32.lib uuid.lib odbc32.lib odbccp32.lib /MANIFEST /MANIFESTUAC:"level='asInvoker' uiAccess='false'" /manifest:embed /DEBUG /PDB:"C:\Users\adolfosrs\Dropbox\7º Semestre\FCG\pengo\source\VC2012\Debug\Pengo.pdb" /SUBSYSTEM:CONSOLE /TLBID:1 /DYNAMICBASE /NXCOMPAT /IMPLIB:"C:\Users\adolfosrs\Dropbox\7º Semestre\FCG\pengo\source\VC2012\Debug\Pengo.lib" /MACHINE:X86 Debug\Pengo.res
         Debug\3DObject.obj
         Debug\bitmap.obj
         Debug\Block.obj
         Debug\MotionBlock.obj
         Debug\Camera.obj
         Debug\glm.obj
         Debug\Human.obj
         Debug\Wall.obj
         Debug\Item.obj
         Debug\Machine.obj
         Debug\main.obj
         Debug\Map.obj
         Debug\Player.obj
         Debug\TempMotionBlock.obj
         Debug\Timer.obj
         Debug\Vetor3D.obj
         Pengo-Visual-Studio.vcxproj -> C:\Users\adolfosrs\Dropbox\7º Semestre\FCG\pengo\source\VC2012\Debug\Pengo.exe
     1>Done Building Project "C:\Users\adolfosrs\Dropbox\7º Semestre\FCG\pengo\source\VC2012\Pengo-Visual-Studio.vcxproj" (Build target(s)).

Build succeeded.

Time Elapsed 00:00:05.25
