Build started 02/07/2014 11:15:17.
     1>Project "C:\Users\adolfosrs\Dropbox\7º Semestre\FCG\pengo\source\VC2012\Pengo-Visual-Studio.vcxproj" on node 2 (Build target(s)).
     1>ResourceCompile:
         C:\Program Files (x86)\Windows Kits\8.0\bin\x86\rc.exe /l"0x0409" /nologo /fo"Release\Pengo.res" Pengo.rc 
       Link:
         C:\Program Files (x86)\Microsoft Visual Studio 11.0\VC\bin\link.exe /ERRORREPORT:PROMPT /OUT:"C:\Users\adolfosrs\Dropbox\7º Semestre\FCG\pengo\source\VC2012\Release\Pengo.exe" /INCREMENTAL /NOLOGO kernel32.lib user32.lib gdi32.lib winspool.lib comdlg32.lib advapi32.lib shell32.lib ole32.lib oleaut32.lib uuid.lib odbc32.lib odbccp32.lib /MANIFEST /MANIFESTUAC:"level='asInvoker' uiAccess='false'" /manifest:embed /DEBUG /PDB:"C:\Users\adolfosrs\Dropbox\7º Semestre\FCG\pengo\source\VC2012\Release\Pengo.pdb" /SUBSYSTEM:CONSOLE /OPT:REF /OPT:ICF /TLBID:1 /DYNAMICBASE /NXCOMPAT /IMPLIB:"C:\Users\adolfosrs\Dropbox\7º Semestre\FCG\pengo\source\VC2012\Release\Pengo.lib" /MACHINE:X86 /SAFESEH Release\Pengo.res
         Release\3DObject.obj
         Release\bitmap.obj
         Release\Block.obj
         Release\MotionBlock.obj
         Release\Camera.obj
         Release\glm.obj
         Release\Human.obj
         Release\Wall.obj
         Release\Item.obj
         Release\Machine.obj
         Release\main.obj
         Release\Map.obj
         Release\Player.obj
         Release\TempMotionBlock.obj
         Release\Timer.obj
         Release\Vetor3D.obj
     1>LINK : warning LNK4075: ignoring '/INCREMENTAL' due to '/OPT:ICF' specification
         Pengo-Visual-Studio.vcxproj -> C:\Users\adolfosrs\Dropbox\7º Semestre\FCG\pengo\source\VC2012\Release\Pengo.exe
     1>Done Building Project "C:\Users\adolfosrs\Dropbox\7º Semestre\FCG\pengo\source\VC2012\Pengo-Visual-Studio.vcxproj" (Build target(s)).

Build succeeded.

Time Elapsed 00:00:01.00
